2025-03-03T02:12:17.751Z [ctureModificationListener$Companion.initForProject] INFO ProjectStructureModificationListener is init for project PlatformSecurityProject
2025-03-03T02:12:17.786Z [s.AiToolwindowsInitializer.reinitializeToolWindows] INFO AI state ENABLED
2025-03-03T02:12:18.290Z [nfrastructureApiService.createInfrastructureFacade] INFO isInfrastructureDebug: false
2025-03-03T02:12:18.297Z [nfrastructureApiService.createInfrastructureFacade] INFO Use port: 56870
2025-03-03T02:12:18.365Z [.services.HeavyInfrastructureApiService.initialize] INFO Plugin context initialized
2025-03-03T02:12:18.369Z [itializeManager$initializeAnalyzer$1.invokeSuspend] INFO initializing infrastructure
2025-03-03T02:12:39.365Z [initializeInfrastructureInstance$1$1.invokeSuspend] INFO Infrastructure initialized
2025-03-03T02:12:43.129Z [y.aiintellij.utils.logging.AiProjectLogger.cleanUp] INFO Clean up logs files was started
2025-03-03T02:12:43.179Z [y.aiintellij.utils.logging.AiProjectLogger.cleanUp] INFO Clean up logs files was finished
2025-03-03T02:18:03.164Z [y.aiintellij.ui.panels.AIToolWindowLogPanel.<init>] INFO initializing a logs panel
2025-03-03T02:18:03.196Z [els.AIToolWindowLogPanel.reloadAdditionalLogPanels] INFO reloading additional log panels
2025-03-03T02:18:03.196Z [els.AIToolWindowLogPanel.reloadAdditionalLogPanels] INFO not in developer mode, skipping
2025-03-03T02:18:03.429Z [y.aiintellij.ui.panels.AIToolWindowLogPanel.<init>] INFO initializing a logs panel
2025-03-03T02:18:03.433Z [els.AIToolWindowLogPanel.reloadAdditionalLogPanels] INFO reloading additional log panels
2025-03-03T02:18:03.434Z [els.AIToolWindowLogPanel.reloadAdditionalLogPanels] INFO not in developer mode, skipping
2025-03-03T02:18:05.742Z [intellij.services.AiInitializeManager.initializeAI] INFO IntelliJ listens web server on port: 63343
2025-03-03T02:18:06.274Z [sistantNotificationService.onAssistantNotification] INFO TipsAvailabilityChanged notification is received by assistant
2025-03-03T02:18:06.286Z [sistantNotificationService.onAssistantNotification] INFO QuickFixTipsUpdated notification is received by assistant
2025-03-03T02:18:06.286Z [ices.aie.AieInitializer$initialize$1.invokeSuspend] INFO AIE integration isn't initialized, skipping listeners initialization
2025-03-03T02:18:06.397Z [sistantNotificationService.onAssistantNotification] INFO TipsAvailabilityChanged notification is received by assistant
2025-03-03T02:18:06.415Z [sistantNotificationService.onAssistantNotification] INFO QuickFixTipsUpdated notification is received by assistant
